This is XeTeX, Version 3.141592653-2.6-0.999995 (TeX Live 2023/Debian) (preloaded format=xelatex 2026.5.28)  1 JUN 2026 11:09
entering extended mode
 restricted \write18 enabled.
 %&-line parsing enabled.
**main.tex
(./main.tex
LaTeX2e <2023-11-01> patch level 1
L3 programming layer <2024-01-22>
(/usr/share/texlive/texmf-dist/tex/latex/base/report.cls
Document Class: report 2023/05/17 v1.4n Standard LaTeX document class
(/usr/share/texlive/texmf-dist/tex/latex/base/size12.clo
File: size12.clo 2023/05/17 v1.4n Standard LaTeX file (size option)
)
\c@part=\count183
\c@chapter=\count184
\c@section=\count185
\c@subsection=\count186
\c@subsubsection=\count187
\c@paragraph=\count188
\c@subparagraph=\count189
\c@figure=\count190
\c@table=\count191
\abovecaptionskip=\skip48
\belowcaptionskip=\skip49
\bibindent=\dimen140
)
(/usr/share/texlive/texmf-dist/tex/generic/iftex/iftex.sty
Package: iftex 2022/02/03 v1.0f TeX engine tests
)
(/usr/share/texlive/texmf-dist/tex/latex/fontspec/fontspec.sty
(/usr/share/texlive/texmf-dist/tex/latex/l3packages/xparse/xparse.sty
(/usr/share/texlive/texmf-dist/tex/latex/l3kernel/expl3.sty
Package: expl3 2024-01-22 L3 programming layer (loader) 

(/usr/share/texlive/texmf-dist/tex/latex/l3backend/l3backend-xetex.def
File: l3backend-xetex.def 2024-01-04 L3 backend support: XeTeX
\g__graphics_track_int=\count192
\l__pdf_internal_box=\box51
\g__pdf_backend_object_int=\count193
\g__pdf_backend_annotation_int=\count194
\g__pdf_backend_link_int=\count195
))
Package: xparse 2023-10-10 L3 Experimental document command parser
)
Package: fontspec 2022/01/15 v2.8a Font selection for XeLaTeX and LuaLaTeX

(/usr/share/texlive/texmf-dist/tex/latex/fontspec/fontspec-xetex.sty
Package: fontspec-xetex 2022/01/15 v2.8a Font selection for XeLaTeX and LuaLaTe
X
\l__fontspec_script_int=\count196
\l__fontspec_language_int=\count197
\l__fontspec_strnum_int=\count198
\l__fontspec_tmp_int=\count199
\l__fontspec_tmpa_int=\count266
\l__fontspec_tmpb_int=\count267
\l__fontspec_tmpc_int=\count268
\l__fontspec_em_int=\count269
\l__fontspec_emdef_int=\count270
\l__fontspec_strong_int=\count271
\l__fontspec_strongdef_int=\count272
\l__fontspec_tmpa_dim=\dimen141
\l__fontspec_tmpb_dim=\dimen142
\l__fontspec_tmpc_dim=\dimen143

(/usr/share/texlive/texmf-dist/tex/latex/base/fontenc.sty
Package: fontenc 2021/04/29 v2.0v Standard LaTeX package
)
(/usr/share/texlive/texmf-dist/tex/latex/fontspec/fontspec.cfg)))

Package fontspec Info: Font family 'TimesNewRoman(0)' created for font 'Times
(fontspec)             New Roman' with options [Ligatures=TeX].
(fontspec)              
(fontspec)              This font family consists of the following NFSS
(fontspec)             series/shapes:
(fontspec)              
(fontspec)             - 'normal' (m/n) with NFSS spec.: <->"Times New
(fontspec)             Roman/OT:language=dflt;mapping=tex-text;"
(fontspec)             - 'small caps'  (m/sc) with NFSS spec.: 
(fontspec)             - 'bold' (b/n) with NFSS spec.: <->"Times New
(fontspec)             Roman/B/OT:language=dflt;mapping=tex-text;"
(fontspec)             - 'bold small caps'  (b/sc) with NFSS spec.: 
(fontspec)             - 'italic' (m/it) with NFSS spec.: <->"Times New
(fontspec)             Roman/I/OT:language=dflt;mapping=tex-text;"
(fontspec)             - 'italic small caps'  (m/scit) with NFSS spec.: 
(fontspec)             - 'bold italic' (b/it) with NFSS spec.: <->"Times New
(fontspec)             Roman/BI/OT:language=dflt;mapping=tex-text;"
(fontspec)             - 'bold italic small caps'  (b/scit) with NFSS spec.: 


Package fontspec Info: Font family 'Arial(0)' created for font 'Arial' with
(fontspec)             options [Ligatures=TeX].
(fontspec)              
(fontspec)              This font family consists of the following NFSS
(fontspec)             series/shapes:
(fontspec)              
(fontspec)             - 'normal' (m/n) with NFSS spec.:
(fontspec)             <->"Arial/OT:language=dflt;mapping=tex-text;"
(fontspec)             - 'small caps'  (m/sc) with NFSS spec.: 
(fontspec)             - 'bold' (b/n) with NFSS spec.:
(fontspec)             <->"Arial/B/OT:language=dflt;mapping=tex-text;"
(fontspec)             - 'bold small caps'  (b/sc) with NFSS spec.: 
(fontspec)             - 'italic' (m/it) with NFSS spec.:
(fontspec)             <->"Arial/I/OT:language=dflt;mapping=tex-text;"
(fontspec)             - 'italic small caps'  (m/scit) with NFSS spec.: 
(fontspec)             - 'bold italic' (b/it) with NFSS spec.:
(fontspec)             <->"Arial/BI/OT:language=dflt;mapping=tex-text;"
(fontspec)             - 'bold italic small caps'  (b/scit) with NFSS spec.: 


(/usr/share/texlive/texmf-dist/tex/latex/amsfonts/amssymb.sty
Package: amssymb 2013/01/14 v3.01 AMS font symbols

(/usr/share/texlive/texmf-dist/tex/latex/amsfonts/amsfonts.sty
Package: amsfonts 2013/01/14 v3.01 Basic AMSFonts support
\@emptytoks=\toks17
\symAMSa=\mathgroup4
\symAMSb=\mathgroup5
LaTeX Font Info:    Redeclaring math symbol \hbar on input line 98.
LaTeX Font Info:    Overwriting math alphabet `\mathfrak' in version `bold'
(Font)                  U/euf/m/n --> U/euf/b/n on input line 106.
))
(/usr/share/texlive/texmf-dist/tex/latex/geometry/geometry.sty
Package: geometry 2020/01/02 v5.9 Page Geometry

(/usr/share/texlive/texmf-dist/tex/latex/graphics/keyval.sty
Package: keyval 2022/05/29 v1.15 key=value parser (DPC)
\KV@toks@=\toks18
)
(/usr/share/texlive/texmf-dist/tex/generic/iftex/ifvtex.sty
Package: ifvtex 2019/10/25 v1.7 ifvtex legacy package. Use iftex instead.
)
\Gm@cnth=\count273
\Gm@cntv=\count274
\c@Gm@tempcnt=\count275
\Gm@bindingoffset=\dimen144
\Gm@wd@mp=\dimen145
\Gm@odd@mp=\dimen146
\Gm@even@mp=\dimen147
\Gm@layoutwidth=\dimen148
\Gm@layoutheight=\dimen149
\Gm@layouthoffset=\dimen150
\Gm@layoutvoffset=\dimen151
\Gm@dimlist=\toks19
)
(/usr/share/texlive/texmf-dist/tex/latex/tools/tabularx.sty
Package: tabularx 2023/07/08 v2.11c `tabularx' package (DPC)

(/usr/share/texlive/texmf-dist/tex/latex/tools/array.sty
Package: array 2023/10/16 v2.5g Tabular extension package (FMi)
\col@sep=\dimen152
\ar@mcellbox=\box52
\extrarowheight=\dimen153
\NC@list=\toks20
\extratabsurround=\skip50
\backup@length=\skip51
\ar@cellbox=\box53
)
\TX@col@width=\dimen154
\TX@old@table=\dimen155
\TX@old@col=\dimen156
\TX@target=\dimen157
\TX@delta=\dimen158
\TX@cols=\count276
\TX@ftn=\toks21
)
(/usr/share/texlive/texmf-dist/tex/latex/graphics/graphicx.sty
Package: graphicx 2021/09/16 v1.2d Enhanced LaTeX Graphics (DPC,SPQR)

(/usr/share/texlive/texmf-dist/tex/latex/graphics/graphics.sty
Package: graphics 2022/03/10 v1.4e Standard LaTeX Graphics (DPC,SPQR)

(/usr/share/texlive/texmf-dist/tex/latex/graphics/trig.sty
Package: trig 2021/08/11 v1.11 sin cos tan (DPC)
)
(/usr/share/texlive/texmf-dist/tex/latex/graphics-cfg/graphics.cfg
File: graphics.cfg 2016/06/04 v1.11 sample graphics configuration
)
Package graphics Info: Driver file: xetex.def on input line 107.

(/usr/share/texlive/texmf-dist/tex/latex/graphics-def/xetex.def
File: xetex.def 2022/09/22 v5.0n Graphics/color driver for xetex
))
\Gin@req@height=\dimen159
\Gin@req@width=\dimen160
)
(/usr/share/texlive/texmf-dist/tex/latex/xcolor/xcolor.sty
Package: xcolor 2023/11/15 v3.01 LaTeX color extensions (UK)

(/usr/share/texlive/texmf-dist/tex/latex/graphics-cfg/color.cfg
File: color.cfg 2016/01/02 v1.6 sample color configuration
)
Package xcolor Info: Driver file: xetex.def on input line 274.

(/usr/share/texlive/texmf-dist/tex/latex/graphics/mathcolor.ltx)
Package xcolor Info: Model `cmy' substituted by `cmy0' on input line 1350.
Package xcolor Info: Model `RGB' extended on input line 1366.
Package xcolor Info: Model `HTML' substituted by `rgb' on input line 1368.
Package xcolor Info: Model `Hsb' substituted by `hsb' on input line 1369.
Package xcolor Info: Model `tHsb' substituted by `hsb' on input line 1370.
Package xcolor Info: Model `HSB' substituted by `hsb' on input line 1371.
Package xcolor Info: Model `Gray' substituted by `gray' on input line 1372.
Package xcolor Info: Model `wave' substituted by `hsb' on input line 1373.
)
(/usr/share/texlive/texmf-dist/tex/latex/titlesec/titlesec.sty
Package: titlesec 2023/10/27 v2.16 Sectioning titles
\ttl@box=\box54
\beforetitleunit=\skip52
\aftertitleunit=\skip53
\ttl@plus=\dimen161
\ttl@minus=\dimen162
\ttl@toksa=\toks22
\titlewidth=\dimen163
\titlewidthlast=\dimen164
\titlewidthfirst=\dimen165
)
(/usr/share/texlive/texmf-dist/tex/latex/tools/indentfirst.sty
Package: indentfirst 2023/07/02 v1.03 Indent first paragraph (DPC)
)
(/usr/share/texlive/texmf-dist/tex/latex/hyperref/hyperref.sty
Package: hyperref 2024-01-20 v7.01h Hypertext links for LaTeX

(/usr/share/texlive/texmf-dist/tex/latex/kvsetkeys/kvsetkeys.sty
Package: kvsetkeys 2022-10-05 v1.19 Key value parser (HO)
)
(/usr/share/texlive/texmf-dist/tex/generic/kvdefinekeys/kvdefinekeys.sty
Package: kvdefinekeys 2019-12-19 v1.6 Define keys (HO)
)
(/usr/share/texlive/texmf-dist/tex/generic/pdfescape/pdfescape.sty
Package: pdfescape 2019/12/09 v1.15 Implements pdfTeX's escape features (HO)

(/usr/share/texlive/texmf-dist/tex/generic/ltxcmds/ltxcmds.sty
Package: ltxcmds 2023-12-04 v1.26 LaTeX kernel commands for general use (HO)
)
(/usr/share/texlive/texmf-dist/tex/generic/pdftexcmds/pdftexcmds.sty
Package: pdftexcmds 2020-06-27 v0.33 Utility functions of pdfTeX for LuaTeX (HO
)

(/usr/share/texlive/texmf-dist/tex/generic/infwarerr/infwarerr.sty
Package: infwarerr 2019/12/03 v1.5 Providing info/warning/error messages (HO)
)
Package pdftexcmds Info: \pdf@primitive is available.
Package pdftexcmds Info: \pdf@ifprimitive is available.
Package pdftexcmds Info: \pdfdraftmode not found.
))
(/usr/share/texlive/texmf-dist/tex/latex/hycolor/hycolor.sty
Package: hycolor 2020-01-27 v1.10 Color options for hyperref/bookmark (HO)
)
(/usr/share/texlive/texmf-dist/tex/latex/auxhook/auxhook.sty
Package: auxhook 2019-12-17 v1.6 Hooks for auxiliary files (HO)
)
(/usr/share/texlive/texmf-dist/tex/latex/hyperref/nameref.sty
Package: nameref 2023-11-26 v2.56 Cross-referencing by name of section

(/usr/share/texlive/texmf-dist/tex/latex/refcount/refcount.sty
Package: refcount 2019/12/15 v3.6 Data extraction from label references (HO)
)
(/usr/share/texlive/texmf-dist/tex/generic/gettitlestring/gettitlestring.sty
Package: gettitlestring 2019/12/15 v1.6 Cleanup title references (HO)

(/usr/share/texlive/texmf-dist/tex/latex/kvoptions/kvoptions.sty
Package: kvoptions 2022-06-15 v3.15 Key value format for package options (HO)
))
\c@section@level=\count277
)
(/usr/share/texlive/texmf-dist/tex/latex/etoolbox/etoolbox.sty
Package: etoolbox 2020/10/05 v2.5k e-TeX tools for LaTeX (JAW)
\etb@tempcnta=\count278
)
\@linkdim=\dimen166
\Hy@linkcounter=\count279
\Hy@pagecounter=\count280

(/usr/share/texlive/texmf-dist/tex/latex/hyperref/pd1enc.def
File: pd1enc.def 2024-01-20 v7.01h Hyperref: PDFDocEncoding definition (HO)
)
(/usr/share/texlive/texmf-dist/tex/generic/intcalc/intcalc.sty
Package: intcalc 2019/12/15 v1.3 Expandable calculations with integers (HO)
)
\Hy@SavedSpaceFactor=\count281

(/usr/share/texlive/texmf-dist/tex/latex/hyperref/puenc.def
File: puenc.def 2024-01-20 v7.01h Hyperref: PDF Unicode definition (HO)
)
Package hyperref Info: Hyper figures OFF on input line 4179.
Package hyperref Info: Link nesting OFF on input line 4184.
Package hyperref Info: Hyper index ON on input line 4187.
Package hyperref Info: Plain pages OFF on input line 4194.
Package hyperref Info: Backreferencing OFF on input line 4199.
Package hyperref Info: Implicit mode ON; LaTeX internals redefined.
Package hyperref Info: Bookmarks ON on input line 4446.
\c@Hy@tempcnt=\count282

(/usr/share/texlive/texmf-dist/tex/latex/url/url.sty
\Urlmuskip=\muskip16
Package: url 2013/09/16  ver 3.4  Verb mode for urls, etc.
)
LaTeX Info: Redefining \url on input line 4784.
\XeTeXLinkMargin=\dimen167

(/usr/share/texlive/texmf-dist/tex/generic/bitset/bitset.sty
Package: bitset 2019/12/09 v1.3 Handle bit-vector datatype (HO)

(/usr/share/texlive/texmf-dist/tex/generic/bigintcalc/bigintcalc.sty
Package: bigintcalc 2019/12/15 v1.5 Expandable calculations on big integers (HO
)
))
\Fld@menulength=\count283
\Field@Width=\dimen168
\Fld@charsize=\dimen169
Package hyperref Info: Hyper figures OFF on input line 6063.
Package hyperref Info: Link nesting OFF on input line 6068.
Package hyperref Info: Hyper index ON on input line 6071.
Package hyperref Info: backreferencing OFF on input line 6078.
Package hyperref Info: Link coloring OFF on input line 6083.
Package hyperref Info: Link coloring with OCG OFF on input line 6088.
Package hyperref Info: PDF/A mode OFF on input line 6093.

(/usr/share/texlive/texmf-dist/tex/latex/base/atbegshi-ltx.sty
Package: atbegshi-ltx 2021/01/10 v1.0c Emulation of the original atbegshi
package with kernel methods
)
\Hy@abspage=\count284
\c@Item=\count285
\c@Hfootnote=\count286
)
Package hyperref Info: Driver (autodetected): hxetex.

(/usr/share/texlive/texmf-dist/tex/latex/hyperref/hxetex.def
File: hxetex.def 2024-01-20 v7.01h Hyperref driver for XeTeX

(/usr/share/texlive/texmf-dist/tex/generic/stringenc/stringenc.sty
Package: stringenc 2019/11/29 v1.12 Convert strings between diff. encodings (HO
)
)
\pdfm@box=\box55
\c@Hy@AnnotLevel=\count287
\HyField@AnnotCount=\count288
\Fld@listcount=\count289
\c@bookmark@seq@number=\count290

(/usr/share/texlive/texmf-dist/tex/latex/rerunfilecheck/rerunfilecheck.sty
Package: rerunfilecheck 2022-07-10 v1.10 Rerun checks for auxiliary files (HO)

(/usr/share/texlive/texmf-dist/tex/latex/base/atveryend-ltx.sty
Package: atveryend-ltx 2020/08/19 v1.0a Emulation of the original atveryend pac
kage
with kernel methods
)
(/usr/share/texlive/texmf-dist/tex/generic/uniquecounter/uniquecounter.sty
Package: uniquecounter 2019/12/15 v1.4 Provide unlimited unique counter (HO)
)
Package uniquecounter Info: New unique counter `rerunfilecheck' on input line 2
85.
)
\Hy@SectionHShift=\skip54
)
Package hyperref Info: Option `colorlinks' set `true' on input line 37.

(./metadata.tex) (./main.aux)
\openout1 = `main.aux'.

LaTeX Font Info:    Checking defaults for OML/cmm/m/it on input line 79.
LaTeX Font Info:    ... okay on input line 79.
LaTeX Font Info:    Checking defaults for OMS/cmsy/m/n on input line 79.
LaTeX Font Info:    ... okay on input line 79.
LaTeX Font Info:    Checking defaults for OT1/cmr/m/n on input line 79.
LaTeX Font Info:    ... okay on input line 79.
LaTeX Font Info:    Checking defaults for T1/cmr/m/n on input line 79.
LaTeX Font Info:    ... okay on input line 79.
LaTeX Font Info:    Checking defaults for TS1/cmr/m/n on input line 79.
LaTeX Font Info:    Trying to load font information for TS1+cmr on input line 7
9.

(/usr/share/texlive/texmf-dist/tex/latex/base/ts1cmr.fd
File: ts1cmr.fd 2023/04/13 v2.5m Standard LaTeX font definitions
)
LaTeX Font Info:    ... okay on input line 79.
LaTeX Font Info:    Checking defaults for TU/lmr/m/n on input line 79.
LaTeX Font Info:    ... okay on input line 79.
LaTeX Font Info:    Checking defaults for OMX/cmex/m/n on input line 79.
LaTeX Font Info:    ... okay on input line 79.
LaTeX Font Info:    Checking defaults for U/cmr/m/n on input line 79.
LaTeX Font Info:    ... okay on input line 79.
LaTeX Font Info:    Checking defaults for PD1/pdf/m/n on input line 79.
LaTeX Font Info:    ... okay on input line 79.
LaTeX Font Info:    Checking defaults for PU/pdf/m/n on input line 79.
LaTeX Font Info:    ... okay on input line 79.

Package fontspec Info: Adjusting the maths setup (use [no-math] to avoid
(fontspec)             this).

\symlegacymaths=\mathgroup6
LaTeX Font Info:    Overwriting symbol font `legacymaths' in version `bold'
(Font)                  OT1/cmr/m/n --> OT1/cmr/bx/n on input line 79.
LaTeX Font Info:    Redeclaring math accent \acute on input line 79.
LaTeX Font Info:    Redeclaring math accent \grave on input line 79.
LaTeX Font Info:    Redeclaring math accent \ddot on input line 79.
LaTeX Font Info:    Redeclaring math accent \tilde on input line 79.
LaTeX Font Info:    Redeclaring math accent \bar on input line 79.
LaTeX Font Info:    Redeclaring math accent \breve on input line 79.
LaTeX Font Info:    Redeclaring math accent \check on input line 79.
LaTeX Font Info:    Redeclaring math accent \hat on input line 79.
LaTeX Font Info:    Redeclaring math accent \dot on input line 79.
LaTeX Font Info:    Redeclaring math accent \mathring on input line 79.
LaTeX Font Info:    Redeclaring math symbol \colon on input line 79.
LaTeX Font Info:    Redeclaring math symbol \Gamma on input line 79.
LaTeX Font Info:    Redeclaring math symbol \Delta on input line 79.
LaTeX Font Info:    Redeclaring math symbol \Theta on input line 79.
LaTeX Font Info:    Redeclaring math symbol \Lambda on input line 79.
LaTeX Font Info:    Redeclaring math symbol \Xi on input line 79.
LaTeX Font Info:    Redeclaring math symbol \Pi on input line 79.
LaTeX Font Info:    Redeclaring math symbol \Sigma on input line 79.
LaTeX Font Info:    Redeclaring math symbol \Upsilon on input line 79.
LaTeX Font Info:    Redeclaring math symbol \Phi on input line 79.
LaTeX Font Info:    Redeclaring math symbol \Psi on input line 79.
LaTeX Font Info:    Redeclaring math symbol \Omega on input line 79.
LaTeX Font Info:    Redeclaring math symbol \mathdollar on input line 79.
LaTeX Font Info:    Redeclaring symbol font `operators' on input line 79.
LaTeX Font Info:    Encoding `OT1' has changed to `TU' for symbol font
(Font)              `operators' in the math version `normal' on input line 79.
LaTeX Font Info:    Overwriting symbol font `operators' in version `normal'
(Font)                  OT1/cmr/m/n --> TU/TimesNewRoman(0)/m/n on input line 7
9.
LaTeX Font Info:    Encoding `OT1' has changed to `TU' for symbol font
(Font)              `operators' in the math version `bold' on input line 79.
LaTeX Font Info:    Overwriting symbol font `operators' in version `bold'
(Font)                  OT1/cmr/bx/n --> TU/TimesNewRoman(0)/m/n on input line 
79.
LaTeX Font Info:    Overwriting symbol font `operators' in version `normal'
(Font)                  TU/TimesNewRoman(0)/m/n --> TU/TimesNewRoman(0)/m/n on 
input line 79.
LaTeX Font Info:    Overwriting math alphabet `\mathit' in version `normal'
(Font)                  OT1/cmr/m/it --> TU/TimesNewRoman(0)/m/it on input line
 79.
LaTeX Font Info:    Overwriting math alphabet `\mathbf' in version `normal'
(Font)                  OT1/cmr/bx/n --> TU/TimesNewRoman(0)/b/n on input line 
79.
LaTeX Font Info:    Overwriting math alphabet `\mathsf' in version `normal'
(Font)                  OT1/cmss/m/n --> TU/Arial(0)/m/n on input line 79.
LaTeX Font Info:    Overwriting math alphabet `\mathtt' in version `normal'
(Font)                  OT1/cmtt/m/n --> TU/lmtt/m/n on input line 79.
LaTeX Font Info:    Overwriting symbol font `operators' in version `bold'
(Font)                  TU/TimesNewRoman(0)/m/n --> TU/TimesNewRoman(0)/b/n on 
input line 79.
LaTeX Font Info:    Overwriting math alphabet `\mathit' in version `bold'
(Font)                  OT1/cmr/bx/it --> TU/TimesNewRoman(0)/b/it on input lin
e 79.
LaTeX Font Info:    Overwriting math alphabet `\mathsf' in version `bold'
(Font)                  OT1/cmss/bx/n --> TU/Arial(0)/b/n on input line 79.
LaTeX Font Info:    Overwriting math alphabet `\mathtt' in version `bold'
(Font)                  OT1/cmtt/m/n --> TU/lmtt/b/n on input line 79.

*geometry* driver: auto-detecting
*geometry* detected driver: xetex
*geometry* verbose mode - [ preamble ] result:
* driver: xetex
* paper: a4paper
* layout: <same size as paper>
* layoutoffset:(h,v)=(0.0pt,0.0pt)
* modes: 
* h-part:(L,W,R)=(99.58464pt, 441.01773pt, 56.9055pt)
* v-part:(T,H,B)=(56.9055pt, 731.23584pt, 56.9055pt)
* \paperwidth=597.50787pt
* \paperheight=845.04684pt
* \textwidth=441.01773pt
* \textheight=731.23584pt
* \oddsidemargin=27.31465pt
* \evensidemargin=27.31465pt
* \topmargin=-52.36449pt
* \headheight=12.0pt
* \headsep=25.0pt
* \topskip=12.0pt
* \footskip=30.0pt
* \marginparwidth=35.0pt
* \marginparsep=10.0pt
* \columnsep=10.0pt
* \skip\footins=10.8pt plus 4.0pt minus 2.0pt
* \hoffset=0.0pt
* \voffset=0.0pt
* \mag=1000
* \@twocolumnfalse
* \@twosidefalse
* \@mparswitchfalse
* \@reversemarginfalse
* (1in=72.27pt=25.4mm, 1cm=28.453pt)

Package hyperref Info: Link coloring ON on input line 79.
(./main.out) (./main.out)
\@outlinefile=\write3
\openout3 = `main.out'.

 (./chapters/cover.tex
Overfull \hbox (7.60507pt too wide) in paragraph at lines 14--14
 \TU/lmtt/m/n/12 images/ctu_logo.png\TU/TimesNewRoman(0)/m/n/12 ) 
 []

LaTeX Font Info:    Trying to load font information for U+msa on input line 14.

(/usr/share/texlive/texmf-dist/tex/latex/amsfonts/umsa.fd
File: umsa.fd 2013/01/14 v3.01 AMS symbols A
)
LaTeX Font Info:    Trying to load font information for U+msb on input line 14.


(/usr/share/texlive/texmf-dist/tex/latex/amsfonts/umsb.fd
File: umsb.fd 2013/01/14 v3.01 AMS symbols B
) [1

])
(./chapters/abstract.tex) [1

] (./main.toc [2

] [3] [4] [5])
\tf@toc=\write4
\openout4 = `main.toc'.

 [6] (./main.lot)
\tf@lot=\write5
\openout5 = `main.lot'.


[7

] (./main.lof)
\tf@lof=\write6
\openout6 = `main.lof'.

 [8

] (./chapters/abbreviations.tex
Overfull \hbox (28.45274pt too wide) in paragraph at lines 25--26
[][] 
 []

) [9

] (./chapters/introduction.tex
Chapter 1.
[1

]) [2] (./chapters/theory.tex
Chapter 2.

Overfull \hbox (12.65747pt too wide) in paragraph at lines 43--44
[]\TU/TimesNewRoman(0)/m/n/12 [TODO — Liệt kê và giải thích lựa chọn: Flutter/R
eact Native cho mobile, Node.js/Python
 []

[3

]) [4] (./chapters/results.tex
Chapter 3.

Underfull \hbox (badness 1400) in paragraph at lines 53--53
[]|\TU/TimesNewRoman(0)/m/n/12 Biểu đồ trực quan, phát hiện bất
 []

[5

] [6] [7] [8]
File: images/component-diagram.png Graphic file (type bmp)
<images/component-diagram.png>
File: images/class-diagram.png Graphic file (type bmp)
<images/class-diagram.png>
 [9] [10]
File: images/use-case-diagram.png Graphic file (type bmp)
<images/use-case-diagram.png>
File: images/use-case-core.png Graphic file (type bmp)
<images/use-case-core.png>
File: images/use-case-ai.png Graphic file (type bmp)
<images/use-case-ai.png>
File: images/use-case-system.png Graphic file (type bmp)
<images/use-case-system.png>
 [11]
File: images/sequence-nhập-giao-dịch-bằng-văn-bản.png Graphic file (type bmp)
<images/sequence-nhập-giao-dịch-bằng-văn-bản.png>
File: images/sequence-nhập-giao-dịch-bằng-giọng-nói.png Graphic file (type bmp)

<images/sequence-nhập-giao-dịch-bằng-giọng-nói.png>
File: images/sequence-nhập-giao-dịch-bằng-ảnh-hóa-đơn-ocr.png Graphic file (typ
e bmp)
<images/sequence-nhập-giao-dịch-bằng-ảnh-hóa-đơn-ocr.png>
File: images/sequence-ai-làm-rõ-thông-tin-thiếu.png Graphic file (type bmp)
<images/sequence-ai-làm-rõ-thông-tin-thiếu.png>
File: images/sequence-cảnh-báo-ngân-sách.png Graphic file (type bmp)
<images/sequence-cảnh-báo-ngân-sách.png>
File: images/sequence-nhắc-nhở-giao-dịch-định-kỳ.png Graphic file (type bmp)
<images/sequence-nhắc-nhở-giao-dịch-định-kỳ.png>
File: images/sequence-xuất-dữ-liệu.png Graphic file (type bmp)
<images/sequence-xuất-dữ-liệu.png>
File: images/sequence-chi-tiêu-ví-chung.png Graphic file (type bmp)
<images/sequence-chi-tiêu-ví-chung.png>
File: images/activity-tạo-giao-dịch-mớinreq-01-ai-powered-multimodal-input.png 
Graphic file (type bmp)
<images/activity-tạo-giao-dịch-mớinreq-01-ai-powered-multimodal-input.png>
 [12] [13] [14] [15]
File: images/activity-phân-loại-tự-độngnreq-02-auto-categorization.png Graphic 
file (type bmp)
<images/activity-phân-loại-tự-độngnreq-02-auto-categorization.png>
File: images/activity-quản-lý-ngân-sáchnreq-03-budget-management.png Graphic fi
le (type bmp)
<images/activity-quản-lý-ngân-sáchnreq-03-budget-management.png>
File: images/activity-xóa-danh-mụcnreq-02-liên-quan-cascade-delete.png Graphic 
file (type bmp)
<images/activity-xóa-danh-mụcnreq-02-liên-quan-cascade-delete.png>
File: images/activity-shared-wallet-expense-flownreq-10-collaboration-shared-wa
llets.png Graphic file (type bmp)
<images/activity-shared-wallet-expense-flownreq-10-collaboration-shared-wallets
.png>
 [16] [17]
Underfull \hbox (badness 10000) in paragraph at lines 396--396
[]|\TU/TimesNewRoman(0)/b/n/12 Kết quả
 []


Underfull \hbox (badness 10000) in paragraph at lines 396--396
[]|\TU/TimesNewRoman(0)/b/n/12 Kết quả
 []


Underfull \hbox (badness 10000) in paragraph at lines 396--396
[]|\TU/TimesNewRoman(0)/b/n/12 Trạng
 []


Underfull \hbox (badness 10000) in paragraph at lines 396--396
[]|\TU/TimesNewRoman(0)/m/n/12 Tạo giao
 []


Underfull \hbox (badness 10000) in paragraph at lines 396--396
\TU/TimesNewRoman(0)/m/n/12 dịch:
 []


Underfull \hbox (badness 10000) in paragraph at lines 396--396
\TU/TimesNewRoman(0)/m/n/12 tên=”trà
 []


Underfull \hbox (badness 10000) in paragraph at lines 396--396
\TU/TimesNewRoman(0)/m/n/12 sữa”, số
 []


Overfull \hbox (9.85622pt too wide) in paragraph at lines 396--396
\TU/TimesNewRoman(0)/m/n/12 tiền=50.000đ,
 []


Underfull \hbox (badness 10000) in paragraph at lines 396--396
\TU/TimesNewRoman(0)/m/n/12 danh
 []


Underfull \hbox (badness 10000) in paragraph at lines 396--396
\TU/TimesNewRoman(0)/m/n/12 mục=”Ăn
 []


Underfull \hbox (badness 4673) in paragraph at lines 396--396
[]|\TU/TimesNewRoman(0)/m/n/12 Ảnh hóa đơn
 []


Underfull \hbox (badness 10000) in paragraph at lines 396--396
[]|\TU/TimesNewRoman(0)/m/n/12 Trích xuất
 []


Underfull \hbox (badness 10000) in paragraph at lines 396--396
\TU/TimesNewRoman(0)/m/n/12 danh sách
 []


Underfull \hbox (badness 10000) in paragraph at lines 396--396
\TU/TimesNewRoman(0)/m/n/12 sản phẩm
 []


Underfull \hbox (badness 3302) in paragraph at lines 396--396
[]|\TU/TimesNewRoman(0)/m/n/12 Chi tiêu vượt
 []


Underfull \hbox (badness 10000) in paragraph at lines 396--396
[]|\TU/TimesNewRoman(0)/m/n/12 Hệ thống
 []


Underfull \hbox (badness 10000) in paragraph at lines 396--396
\TU/TimesNewRoman(0)/m/n/12 gửi cảnh
 []


Underfull \hbox (badness 10000) in paragraph at lines 396--396
\TU/TimesNewRoman(0)/m/n/12 báo trong
 []


Underfull \hbox (badness 10000) in paragraph at lines 396--396
[]|\TU/TimesNewRoman(0)/m/n/12 ”grab đi làm
 []


Underfull \hbox (badness 10000) in paragraph at lines 396--396
[]|\TU/TimesNewRoman(0)/m/n/12 Giao dịch
 []


Underfull \hbox (badness 10000) in paragraph at lines 396--396
\TU/TimesNewRoman(0)/m/n/12 phân loại
 []


Underfull \hbox (badness 10000) in paragraph at lines 396--396
\TU/TimesNewRoman(0)/m/n/12 vào ”Di
 []

[18] [19] [20]) [21] (./chapters/conclusion.tex [22]
Chapter 4.
) [23

] (./chapters/references.tex) [24

] (./chapters/appendices.tex
Appendix A.
[25

] (./requirements/req01.tex
Overfull \hbox (33.7029pt too wide) in paragraph at lines 1--1
|[]\TU/Arial(0)/b/n/14.4 REQ-01: NHẬP LIỆU ĐA PHƯƠNG THỨC BẰNG AI (AI-POWERED
 []

[26] [27] [28] [29] [30] [31] [32]) [33] (./requirements/req02.tex [34]
[35] [36] [37] [38] [39] [40] [41] [42] [43] [44] [45] [46] [47] [48] [49]
[50] [51]) [52] (./requirements/req03.tex [53] [54] [55] [56] [57] [58]
[59]
Overfull \hbox (17.4993pt too wide) in paragraph at lines 221--222
|  \TU/TimesNewRoman(0)/b/n/12 Then \TU/TimesNewRoman(0)/m/n/12 hệ thống tạo ng
ân sách \TU/lmtt/m/n/12 Ăn uống \TU/TimesNewRoman(0)/m/n/12 cho kỳ tháng tiếp t
heo với hạn mức \TU/lmtt/m/n/12 2.500.000đ
 []


Overfull \hbox (17.4993pt too wide) in paragraph at lines 223--224
|  \TU/TimesNewRoman(0)/b/n/12 Then \TU/TimesNewRoman(0)/m/n/12 hệ thống tạo ng
ân sách \TU/lmtt/m/n/12 Ăn uống \TU/TimesNewRoman(0)/m/n/12 cho kỳ tháng tiếp t
heo với hạn mức \TU/lmtt/m/n/12 1.700.000đ
 []

[60] [61] [62]) [63] (./requirements/req04.tex [64] [65] [66] [67] [68]
Overfull \hbox (3.77266pt too wide) in paragraph at lines 145--146
[]\TU/TimesNewRoman(0)/b/n/12 Given \TU/TimesNewRoman(0)/m/n/12 người dùng có l
ịch sử chi tiêu danh mục \TU/lmtt/m/n/12 Di chuyển \TU/TimesNewRoman(0)/m/n/12 
trung bình \TU/lmtt/m/n/12 500.000đ/tháng
 []

[69] [70]
Overfull \hbox (1.68027pt too wide) in paragraph at lines 200--201
[]\TU/TimesNewRoman(0)/b/n/12 Given \TU/TimesNewRoman(0)/m/n/12 người dùng nhập
 \TU/lmtt/m/n/12 show me my spending breakdown this month \TU/TimesNewRoman(0)/
m/n/12 bằng tiếng
 []

[71] [72] [73] [74]) [75] (./requirements/req05.tex
Overfull \hbox (9.76048pt too wide) in paragraph at lines 1--1
|[]\TU/Arial(0)/b/n/14.4 REQ-05: QUẢN LÝ TÀI KHOẢN ĐA NGUỒN (MULTI-ACCOUNT
 []

[76] [77] [78] [79]
Overfull \hbox (7.40358pt too wide) in paragraph at lines 147--148
[]\TU/TimesNewRoman(0)/b/n/12 Given \TU/TimesNewRoman(0)/m/n/12 người dùng có 3
 ví: \TU/lmtt/m/n/12 Tiền mặt \TU/TimesNewRoman(0)/m/n/12 (2.000.000đ), \TU/lmt
t/m/n/12 VCB \TU/TimesNewRoman(0)/m/n/12 (15.000.000đ), \TU/lmtt/m/n/12 Momo \T
U/TimesNewRoman(0)/m/n/12 (500.000đ) 
 []

[80] [81] [82] [83] [84] [85]) [86] (./requirements/req06.tex [87]
Overfull \hbox (3.93735pt too wide) in paragraph at lines 56--57
[][]\TU/TimesNewRoman(0)/b/n/12 [!][] \TU/TimesNewRoman(0)/m/n/12 AMBIGUOUS: Ch
ưa rõ lãi/lỗ đầu tư có hỗ trợ nhập theo từng mã chứng khoán/khoản
 []

[88]
Overfull \hbox (18.33995pt too wide) in paragraph at lines 93--94
[]\TU/TimesNewRoman(0)/b/n/12 Given \TU/TimesNewRoman(0)/m/n/12 người dùng nhập
 \TU/lmtt/m/n/12 chuyển 10 triệu vào tài khoản MBS để đánh phái sinh 
 []

[89]
Overfull \hbox (13.74182pt too wide) in paragraph at lines 110--111
|  \TU/TimesNewRoman(0)/b/n/12 Then \TU/TimesNewRoman(0)/m/n/12 số dư ví \TU/lm
tt/m/n/12 VCB \TU/TimesNewRoman(0)/m/n/12 giảm \TU/lmtt/m/n/12 10.000.000đ\TU/T
imesNewRoman(0)/m/n/12 , số dư tài khoản đầu tư \TU/lmtt/m/n/12 MBS \TU/TimesNe
wRoman(0)/m/n/12 tăng \TU/lmtt/m/n/12 10.000.000đ\TU/TimesNewRoman(0)/m/n/12 ,
 []

[90] [91]
Overfull \hbox (1.55817pt too wide) in paragraph at lines 146--147
|  \TU/TimesNewRoman(0)/b/n/12 When \TU/TimesNewRoman(0)/m/n/12 người dùng yêu 
cầu \TU/lmtt/m/n/12 đổi giao dịch chuyển 10 triệu MBS thành chi
 []

[92] [93]
Overfull \hbox (23.30801pt too wide) in paragraph at lines 177--178
[]\TU/TimesNewRoman(0)/b/n/12 Given \TU/TimesNewRoman(0)/m/n/12 người dùng có t
hu nhập \TU/lmtt/m/n/12 10.000.000đ\TU/TimesNewRoman(0)/m/n/12 , chi phí \TU/lm
tt/m/n/12 7.000.000đ\TU/TimesNewRoman(0)/m/n/12 , nạp đầu tư \TU/lmtt/m/n/12 5.
000.000đ\TU/TimesNewRoman(0)/m/n/12 ,
 []

[94] [95] [96]) [97] (./requirements/req07.tex [98] [99] [100] [101] [102]
[103] [104] [105] [106]) [107] (./requirements/req08.tex [108] [109]
Overfull \hbox (11.1722pt too wide) in paragraph at lines 91--92
|  \TU/TimesNewRoman(0)/b/n/12 When \TU/TimesNewRoman(0)/m/n/12 người dùng nhập
 đầy đủ thông tin: tên \TU/lmtt/m/n/12 Tiền phòng trọ\TU/TimesNewRoman(0)/m/n/1
2 , số tiền \TU/lmtt/m/n/12 1.500.000đ\TU/TimesNewRoman(0)/m/n/12 ,
 []

[110] [111]
Overfull \hbox (0.15414pt too wide) in paragraph at lines 124--125
|  \TU/TimesNewRoman(0)/b/n/12 Then \TU/TimesNewRoman(0)/m/n/12 hệ thống gửi ti
n nhắn nhắc nhở trước hạn: \TU/TimesNewRoman(0)/m/it/12 ”Ngày mai là hạn đóng 1
.500.000đ
 []

[112] [113]
Overfull \hbox (18.45981pt too wide) in paragraph at lines 172--173
|  \TU/TimesNewRoman(0)/b/n/12 When \TU/TimesNewRoman(0)/m/n/12 người dùng nhập
: \TU/lmtt/m/n/12 Tạo nhắc nhở tiền phòng trọ 1.5 triệu mỗi tháng
 []

[114] [115] [116]) [117] (./requirements/req09.tex [118] [119]
Underfull \hbox (badness 1845) in paragraph at lines 114--114
[]|\TU/TimesNewRoman(0)/m/n/12 Lời khuyên nhẹ nhàng, chuyên nghiệp,
 []

[120] [121]
Overfull \hbox (5.10222pt too wide) in paragraph at lines 157--158
\TU/lmtt/m/n/12 nhận chi tiêu Trà sữa 50.000đ vào danh mục Ăn uống. Tuần này bạ
n đã
 []

Missing character: There is no 🤦 (U+1F926) in font [lmmono12-regular]:!
Missing character: There is no ‍ (U+200D) in font [lmmono12-regular]:!
Missing character: There is no ♀ (U+2640) in font [lmmono12-regular]:!
Missing character: There is no ️ (U+FE0F) in font [lmmono12-regular]:!

Overfull \hbox (1.52222pt too wide) in paragraph at lines 158--159
\TU/lmtt/m/n/12 Lại trà sữa nữa hả con?! 🤦‍♀️ 50.000đ đó! Tuần này con uống bao
 nhiêu
 []


Overfull \hbox (7.16222pt too wide) in paragraph at lines 158--159
\TU/lmtt/m/n/12 ly rồi biết không? 350.000đ cho mỗi trà sữa thôi! Tiết kiệm chú
t đi
 []

Missing character: There is no 🧋 (U+1F9CB) in font [lmmono12-regular]:!
Missing character: There is no 😋 (U+1F60B) in font [lmmono12-regular]:!

Overfull \hbox (28.30219pt too wide) in paragraph at lines 159--160
\TU/lmtt/m/n/12 🧋 Trà sữa 50k — ai mà cưỡng lại được đúng không 😋 Tuần này mình
 chi 350k
 []

Missing character: There is no 💪 (U+1F4AA) in font [lmmono12-regular]:!
Missing character: There is no 🔥 (U+1F525) in font [lmmono12-regular]:!

Overfull \hbox (42.18222pt too wide) in paragraph at lines 160--161
\TU/lmtt/m/n/12 nhận Trà sữa 50.000đ! Mỗi khoản chi đều là cơ hội để kiểm soát 
tài chính.
 []


Overfull \hbox (9.22223pt too wide) in paragraph at lines 160--161
\TU/lmtt/m/n/12 Tuần này bạn đã chi 350.000đ cho Ăn uống — hãy đặt mục tiêu giả
m 10%
 []

[122]
Missing character: There is no 😤 (U+1F624) in font [lmmono12-regular]:!

Overfull \hbox (11.2822pt too wide) in paragraph at lines 174--175
\TU/lmtt/m/n/12 Ngân sách ăn uống vượt rồi! Mẹ nói bao nhiêu lần rồi, phải biết
 tiết
 []

Missing character: There is no 🎉 (U+1F389) in font [lmmono12-regular]:!
Missing character: There is no 🍕 (U+1F355) in font [lmmono12-regular]:!
Missing character: There is no 💪 (U+1F4AA) in font [lmmono12-regular]:!
Missing character: There is no 🔥 (U+1F525) in font [lmmono12-regular]:!

Overfull \hbox (10.5222pt too wide) in paragraph at lines 176--177
\TU/lmtt/m/n/12 khoản tiết kiệm nào! 💪 Nhớ mục tiêu đầu tháng không? Hôm nay là
 ngày
 []

[123]
Overfull \hbox (5.74203pt too wide) in paragraph at lines 180--181
[]\TU/TimesNewRoman(0)/b/n/12 [!][] \TU/TimesNewRoman(0)/m/n/12 AMBIGUOUS: Chưa
 xác định danh sách tình huống tài chính nào kích hoạt lời khuyên/nhắc
 []

Missing character: There is no 😤 (U+1F624) in font [lmmono12-regular]:!
[124] [125] [126] [127] [128]) [129]
Appendix B.

Underfull \hbox (badness 10000) in paragraph at lines 60--60
[]|\TU/TimesNewRoman(0)/b/n/12 Đường dẫn
 []


Overfull \hbox (142.52274pt too wide) in paragraph at lines 60--60
[]|\TU/lmtt/m/n/12 diagrams/mermaid/use-case-diagram.md| 
 []


Overfull \hbox (148.70274pt too wide) in paragraph at lines 60--60
[]|\TU/lmtt/m/n/12 diagrams/mermaid/component-diagram.md| 
 []


Overfull \hbox (123.98274pt too wide) in paragraph at lines 60--60
[]|\TU/lmtt/m/n/12 diagrams/mermaid/class-diagram.md| 
 []


Overfull \hbox (148.70274pt too wide) in paragraph at lines 60--60
[]|\TU/lmtt/m/n/12 diagrams/mermaid/sequence-diagrams.md| 
 []


Overfull \hbox (148.70274pt too wide) in paragraph at lines 60--60
[]|\TU/lmtt/m/n/12 diagrams/mermaid/activity-diagrams.md| 
 []

[130

]
Appendix C.
[131

]
Appendix D.
) [132

] (./main.aux)
 ***********
LaTeX2e <2023-11-01> patch level 1
L3 programming layer <2024-01-22>
 ***********
Package rerunfilecheck Info: File `main.out' has not changed.
(rerunfilecheck)             Checksum: E34C90FC6A3014A220F0D32DE2ED29DF;23301.
 ) 
Here is how much of TeX's memory you used:
 12974 strings out of 476878
 256421 string characters out of 5805249
 1933627 words of memory out of 5000000
 34620 multiletter control sequences out of 15000+600000
 566009 words of font info for 108 fonts, out of 8000000 for 9000
 14 hyphenation exceptions out of 8191
 79i,11n,104p,1243b,417s stack positions out of 10000i,1000n,20000p,200000b,200000s

Output written on main.pdf (142 pages).
